Converting images
Compiling gui/src/screen1_screen/Screen1Presenter.cpp
Compiling gui/src/screen1_screen/Screen1View.cpp
Compiling gui/src/model/Model.cpp
Compiling gui/src/common/FrontendApplication.cpp
Compiling generated/gui_generated/src/screen1_screen/Screen1ViewBase.cpp
Compiling generated/gui_generated/src/common/FrontendApplicationBase.cpp
Compiling generated/fonts/src/ApplicationFontProvider.cpp
Compiling generated/images/src/rolex1-ring_390.cpp
Compiling generated/images/src/BitmapDatabase.cpp
Compiling generated/images/src/rolex1-urtavla_390.cpp
Compiling generated/texts/src/TypedTextDatabase.cpp
Compiling generated/texts/src/Texts.cpp
Compiling target/gcc//gccstubs.cpp
Compiling target/bsp/Core/Src/gui_main.cpp
Compiling target/os/FreeRTOS8.2.0/OSWrappers.cpp
Compiling target/bsp/target/BoardConfiguration.cpp
Compiling target/bsp/target/GPIO.cpp
Compiling target/bsp/target/STM32DMA.cpp
Compiling target/bsp/target/STM32HAL_DSI.cpp
In file included from target/bsp/Drivers/STM32L4xx_HAL_Driver/Inc/stm32l4xx_hal_rcc.h:45:0,
                 from target/bsp/Config/stm32l4xx_hal_conf.h:221,
                 from target/bsp/Drivers/STM32L4xx_HAL_Driver/Inc/stm32l4xx_hal.h:46,
                 from target/bsp/Core/Src/gui_main.cpp:87:
target/bsp/Core/Src/gui_main.cpp: In function 'void LCD_Init()':
target/bsp/Drivers/STM32L4xx_HAL_Driver/Inc/stm32l4xx_hal_dsi.h:906:50: warning: conversion to void will not access object of type 'volatile uint32_t {aka volatile long unsigned int}'
                                           UNUSED(tmpreg); \
                                                   
target/bsp/Drivers/STM32L4xx_HAL_Driver/Inc/stm32l4xx_hal_def.h:85:27: note: in definition of macro 'UNUSED'
 #define UNUSED(x) ((void)(x))
                           ^
target/bsp/Core/Src/gui_main.cpp:427:3: note: in expansion of macro '__HAL_DSI_ENABLE'
   __HAL_DSI_ENABLE(&hdsi);
   ^~~~~~~~~~~~~~~~
target/bsp/Drivers/STM32L4xx_HAL_Driver/Inc/stm32l4xx_hal_dsi.h:932:57: warning: conversion to void will not access object of type 'volatile uint32_t {aka volatile long unsigned int}'
                                                  UNUSED(tmpreg); \
                                                          
target/bsp/Drivers/STM32L4xx_HAL_Driver/Inc/stm32l4xx_hal_def.h:85:27: note: in definition of macro 'UNUSED'
 #define UNUSED(x) ((void)(x))
                           ^
target/bsp/Core/Src/gui_main.cpp:604:3: note: in expansion of macro '__HAL_DSI_WRAPPER_ENABLE'
   __HAL_DSI_WRAPPER_ENABLE(&hdsi);
   ^~~~~~~~~~~~~~~~~~~~~~~~
In file included from target/bsp/Core/Inc/gui_main.h:47:0,
                 from target/bsp/Core/Src/gui_main.cpp:57:
target/bsp/Core/Src/gui_main.cpp: In function 'void GRAPHICS_Init()':
target/bsp/Middlewares/Third_Party/FreeRTOS/Source/CMSIS_RTOS/cmsis_os.h:470:54: warning: ISO C++ forbids converting a string constant to 'char*' [-Wwrite-strings]
 { #name, (thread), (priority), (instances), (stacksz)}
                                                      ^
target/bsp/Core/Src/gui_main.cpp:689:3: note: in expansion of macro 'osThreadDef'
   osThreadDef(GUITask, GUITask, osPriorityNormal, 0, GUI_TASK_STACK_SIZE);
   ^~~~~~~~~~~
Compiling target/bsp/target/STM32MCUInstrumentation.cpp
Compiling target/bsp/target/STM32TouchController.cpp
Compiling target/bsp/target/Buttons.cpp
Compiling target/bsp/target/KeySampler.cpp
Compiling target/bsp/Core/Src/iddmeasure.c
Compiling target/bsp/Core/Src/main.c
Compiling target/bsp/Core/Src/mfx.c
Compiling target/bsp/Core/Src/powerManager.c
Compiling target/bsp/Core/Src/stm32l4xx_hal_msp.c
Compiling target/bsp/Core/Src/stm32l4xx_hal_timebase_tim.c
Compiling target/bsp/Core/Src/stm32l4xx_it.c
Compiling target/bsp/Core/Src/system_config.c
Compiling target/bsp/Core/Src/timer_client.c
Compiling target/bsp/Drivers/BSP/Components/cs42l51/cs42l51.c
Compiling target/bsp/Drivers/BSP/Components/ft3x67/ft3x67.c
Compiling target/bsp/Drivers/BSP/Components/mfxstm32l152/mfxstm32l152.c
Compiling target/bsp/Drivers/BSP/Components/ov9655/ov9655.c
Compiling target/bsp/Drivers/BSP/STM32L4R9I-Discovery/stm32l4r9i_discovery.c
Compiling target/bsp/Drivers/BSP/STM32L4R9I-Discovery/stm32l4r9i_discovery_audio.c
Compiling target/bsp/Drivers/BSP/STM32L4R9I-Discovery/stm32l4r9i_discovery_camera.c
Compiling target/bsp/Drivers/BSP/STM32L4R9I-Discovery/stm32l4r9i_discovery_idd.c
Compiling target/bsp/Drivers/BSP/STM32L4R9I-Discovery/stm32l4r9i_discovery_io.c
Compiling target/bsp/Drivers/BSP/STM32L4R9I-Discovery/stm32l4r9i_discovery_ospi_nor.c
Compiling target/bsp/Drivers/BSP/STM32L4R9I-Discovery/stm32l4r9i_discovery_sd.c
Compiling target/bsp/Core/Src/system_stm32l4xx.c
Compiling target/bsp/Drivers/STM32L4xx_HAL_Driver/Src/stm32l4xx_hal.c
Compiling target/bsp/Drivers/STM32L4xx_HAL_Driver/Src/stm32l4xx_hal_cortex.c
Compiling target/bsp/Drivers/STM32L4xx_HAL_Driver/Src/stm32l4xx_hal_dcmi.c
Compiling target/bsp/Drivers/STM32L4xx_HAL_Driver/Src/stm32l4xx_hal_dfsdm.c
Compiling target/bsp/Drivers/STM32L4xx_HAL_Driver/Src/stm32l4xx_hal_dfsdm_ex.c
Compiling target/bsp/Drivers/STM32L4xx_HAL_Driver/Src/stm32l4xx_hal_dma.c
Compiling target/bsp/Drivers/STM32L4xx_HAL_Driver/Src/stm32l4xx_hal_dma2d.c
Compiling target/bsp/Drivers/STM32L4xx_HAL_Driver/Src/stm32l4xx_hal_dma_ex.c
Compiling target/bsp/Drivers/STM32L4xx_HAL_Driver/Src/stm32l4xx_hal_dsi.c
Compiling target/bsp/Drivers/STM32L4xx_HAL_Driver/Src/stm32l4xx_hal_flash.c
Compiling target/bsp/Drivers/STM32L4xx_HAL_Driver/Src/stm32l4xx_hal_flash_ex.c
Compiling target/bsp/Drivers/STM32L4xx_HAL_Driver/Src/stm32l4xx_hal_gfxmmu.c
Compiling target/bsp/Drivers/STM32L4xx_HAL_Driver/Src/stm32l4xx_hal_gpio.c
Compiling target/bsp/Drivers/STM32L4xx_HAL_Driver/Src/stm32l4xx_hal_i2c_ex.c
Compiling target/bsp/Drivers/STM32L4xx_HAL_Driver/Src/stm32l4xx_hal_lptim.c
Compiling target/bsp/Drivers/STM32L4xx_HAL_Driver/Src/stm32l4xx_hal_ltdc.c
Compiling target/bsp/Drivers/STM32L4xx_HAL_Driver/Src/stm32l4xx_hal_ltdc_ex.c
Compiling target/bsp/Drivers/STM32L4xx_HAL_Driver/Src/stm32l4xx_hal_ospi.c
Compiling target/bsp/Drivers/STM32L4xx_HAL_Driver/Src/stm32l4xx_hal_pwr.c
Compiling target/bsp/Drivers/STM32L4xx_HAL_Driver/Src/stm32l4xx_hal_pwr_ex.c
Compiling target/bsp/Drivers/STM32L4xx_HAL_Driver/Src/stm32l4xx_hal_rcc.c
Compiling target/bsp/Drivers/STM32L4xx_HAL_Driver/Src/stm32l4xx_hal_rcc_ex.c
Compiling target/bsp/Drivers/STM32L4xx_HAL_Driver/Src/stm32l4xx_hal_rtc.c
Compiling target/bsp/Drivers/STM32L4xx_HAL_Driver/Src/stm32l4xx_hal_rtc_ex.c
Compiling target/bsp/Drivers/STM32L4xx_HAL_Driver/Src/stm32l4xx_hal_sai.c
Compiling target/bsp/Drivers/STM32L4xx_HAL_Driver/Src/stm32l4xx_hal_sai_ex.c
Compiling target/bsp/Drivers/STM32L4xx_HAL_Driver/Src/stm32l4xx_hal_sd.c
Compiling target/bsp/Drivers/STM32L4xx_HAL_Driver/Src/stm32l4xx_hal_sd_ex.c
Compiling target/bsp/Drivers/STM32L4xx_HAL_Driver/Src/stm32l4xx_hal_tim.c
Compiling target/bsp/Drivers/STM32L4xx_HAL_Driver/Src/stm32l4xx_hal_tim_ex.c
Compiling target/bsp/Drivers/STM32L4xx_HAL_Driver/Src/stm32l4xx_hal_uart.c
Compiling target/bsp/Drivers/STM32L4xx_HAL_Driver/Src/stm32l4xx_ll_fmc.c
Compiling target/bsp/Drivers/STM32L4xx_HAL_Driver/Src/stm32l4xx_ll_sdmmc.c
Compiling target/bsp/Middlewares/Third_Party/FatFs/src/diskio.c
Compiling target/bsp/Middlewares/Third_Party/FatFs/src/ff.c
Compiling target/bsp/Middlewares/Third_Party/FatFs/src/ff_gen_drv.c
Compiling target/bsp/Core/Src/sd_diskio_dma.c
Compiling target/bsp/Middlewares/Third_Party/FatFs/src/option/syscall.c
Compiling target/bsp/Middlewares/Third_Party/FatFs/src/option/unicode.c
Compiling target/bsp/Middlewares/Third_Party/FreeRTOS/Source/CMSIS_RTOS/cmsis_os.c
Compiling target/bsp/Middlewares/Third_Party/FreeRTOS/Source/portable/MemMang/heap_4.c
Compiling target/bsp/Middlewares/Third_Party/FreeRTOS/Source/portable/gcc/ARM_CM4F/port.c
Compiling target/bsp/Middlewares/Third_Party/FreeRTOS/Source/list.c
Compiling target/bsp/Middlewares/Third_Party/FreeRTOS/Source/queue.c
Compiling target/bsp/Middlewares/Third_Party/FreeRTOS/Source/tasks.c
Compiling target/bsp/Middlewares/Third_Party/FreeRTOS/Source/timers.c
Compiling target/bsp/Middlewares_Addons/TimerServer/src/stm32xx_timerserver.c
Compiling target/bsp/Modules/mmi/mmi_gui.c
Compiling target/bsp/Modules/mmi/mmi_interpreter.c
Compiling target/bsp/Modules/mmi/mmi_main.c
Compiling target/bsp/Modules/realtime_clock/rtc_app.c
Compiling target/bsp/Modules/storage/storage_app.c
Compiling target/bsp/Patches/stm32l4r9i_discovery_ts.c
Compiling target/bsp/Patches/stm32l4xx_hal_i2c.c
Compiling ASM target/bsp/Drivers/CMSIS/Device/ST/STM32L4xx/Source/Templates/gcc/startup_stm32l4r9xx.s
Linking build/bin/target.elf
Producing additional output formats...
  target.hex   - Combined internal+external hex
  intflash.elf - Internal flash, elf debug
  intflash.hex - Internal flash, hex
  extflash.bin - External flash, binary
